Log file open, 04/29/20 20:10:23
LogWindows: Failed to load 'aqProf.dll' (GetLastError=126)
LogWindows: File 'aqProf.dll' does not exist
LogWindows: Failed to load 'VtuneApi.dll' (GetLastError=126)
LogWindows: File 'VtuneApi.dll' does not exist
LogWindows: Failed to load 'VtuneApi32e.dll' (GetLastError=126)
LogWindows: File 'VtuneApi32e.dll' does not exist
LogConsoleResponse: Display: Failed to find resolution value strings in scalability ini. Falling back to default.
LogInit: Display: Running engine for game: Detective
LogPlatformFile: Not using cached read wrapper
LogTaskGraph: Started task graph with 5 named threads and 35 total threads with 3 sets of task threads.
LogStats: Stats thread started at 0.073397
LogD3D11RHI: Loaded GFSDK_Aftermath_Lib.x64.dll
LogICUInternationalization: ICU TimeZone Detection - Raw Offset: +1:00, Platform Override: ''
LogPluginManager: Mounting plugin Paper2D
LogPluginManager: Mounting plugin AISupport
LogPluginManager: Mounting plugin LightPropagationVolume
LogPluginManager: Mounting plugin ActorLayerUtilities
LogPluginManager: Mounting plugin AnimationSharing
LogPluginManager: Mounting plugin CLionSourceCodeAccess
LogPluginManager: Mounting plugin CodeLiteSourceCodeAccess
LogPluginManager: Mounting plugin GitSourceControl
LogPluginManager: Mounting plugin KDevelopSourceCodeAccess
LogPluginManager: Mounting plugin NullSourceCodeAccess
LogPluginManager: Mounting plugin PerforceSourceControl
LogPluginManager: Mounting plugin SubversionSourceControl
LogPluginManager: Mounting plugin UObjectPlugin
LogPluginManager: Mounting plugin VisualStudioCodeSourceCodeAccess
LogPluginManager: Mounting plugin VisualStudioSourceCodeAccess
LogPluginManager: Mounting plugin XCodeSourceCodeAccess
LogPluginManager: Mounting plugin AssetManagerEditor
LogPluginManager: Mounting plugin CryptoKeys
LogPluginManager: Mounting plugin CurveEditorTools
LogPluginManager: Mounting plugin DataValidation
LogPluginManager: Mounting plugin FacialAnimation
LogPluginManager: Mounting plugin GameplayTagsEditor
LogPluginManager: Mounting plugin MacGraphicsSwitching
LogPluginManager: Mounting plugin MaterialAnalyzer
LogPluginManager: Mounting plugin MobileLauncherProfileWizard
LogPluginManager: Mounting plugin PluginBrowser
LogPluginManager: Mounting plugin SpeedTreeImporter
LogPluginManager: Mounting plugin DatasmithContent
LogPluginManager: Mounting plugin VariantManagerContent
LogPluginManager: Mounting plugin AlembicImporter
LogPluginManager: Mounting plugin AutomationUtils
LogPluginManager: Mounting plugin BackChannel
LogPluginManager: Mounting plugin CharacterAI
LogPluginManager: Mounting plugin GeometryCache
LogPluginManager: Mounting plugin HTML5Networking
LogPluginManager: Mounting plugin PlatformCrypto
LogPluginManager: Mounting plugin ProxyLODPlugin
LogPluginManager: Mounting plugin SkeletalReduction
LogPluginManager: Mounting plugin MagicLeap
LogPluginManager: Mounting plugin MagicLeapMedia
LogPluginManager: Mounting plugin AndroidMedia
LogPluginManager: Mounting plugin AvfMedia
LogPluginManager: Mounting plugin ImgMedia
LogPluginManager: Mounting plugin MediaCompositing
LogPluginManager: Mounting plugin MediaPlayerEditor
LogPluginManager: Mounting plugin WebMMedia
LogPluginManager: Mounting plugin WmfMedia
LogPluginManager: Mounting plugin TcpMessaging
LogPluginManager: Mounting plugin UdpMessaging
LogPluginManager: Mounting plugin ActorSequence
LogPluginManager: Mounting plugin LevelSequenceEditor
LogPluginManager: Mounting plugin MatineeToLevelSequence
LogPluginManager: Mounting plugin NetcodeUnitTest
LogPluginManager: Mounting plugin NUTUnrealEngine4
LogPluginManager: Mounting plugin OnlineSubsystemGooglePlay
LogPluginManager: Mounting plugin OnlineSubsystemIOS
LogPluginManager: Mounting plugin OnlineSubsystem
LogPluginManager: Mounting plugin OnlineSubsystemNull
LogPluginManager: Mounting plugin OnlineSubsystemUtils
LogPluginManager: Mounting plugin LauncherChunkInstaller
LogPluginManager: Mounting plugin AndroidDeviceProfileSelector
LogPluginManager: Mounting plugin AndroidMoviePlayer
LogPluginManager: Mounting plugin AndroidPermission
LogPluginManager: Mounting plugin AppleImageUtils
LogPluginManager: Mounting plugin AppleMoviePlayer
LogPluginManager: Mounting plugin ArchVisCharacter
LogPluginManager: Mounting plugin AudioCapture
LogPluginManager: Mounting plugin CableComponent
LogPluginManager: Mounting plugin CustomMeshComponent
LogPluginManager: Mounting plugin EditableMesh
LogPluginManager: Mounting plugin ExampleDeviceProfileSelector
LogPluginManager: Mounting plugin GoogleCloudMessaging
LogPluginManager: Mounting plugin IOSDeviceProfileSelector
LogPluginManager: Mounting plugin LinuxDeviceProfileSelector
LogPluginManager: Mounting plugin LocationServicesBPLibrary
LogPluginManager: Mounting plugin MobilePatchingUtils
LogPluginManager: Mounting plugin OculusVR
LogPluginManager: Mounting plugin PhysXVehicles
LogPluginManager: Mounting plugin ProceduralMeshComponent
LogPluginManager: Mounting plugin RuntimePhysXCooking
LogPluginManager: Mounting plugin SignificanceManager
LogPluginManager: Mounting plugin SteamVR
LogPluginManager: Mounting plugin WebMMoviePlayer
LogPluginManager: Mounting plugin WindowsMoviePlayer
LogPluginManager: Mounting plugin ScreenshotTools
LogPluginManager: Mounting plugin FMODStudio
LogInit: Warning: Incompatible or missing module: Detective
Running C:/Program Files/Epic Games/UE_4.23/Engine/Binaries/DotNET/UnrealBuildTool.exe Development Win64 -Project="G:/Projects/BachelorGruppenArbeit/AdvancedSpecializedProject/Detective/Detective.uproject" -TargetType=Editor -Progress -NoHotReloadFromIDE
Using 'git status' to determine working set for adaptive non-unity build (G:\Projects\BachelorGruppenArbeit\AdvancedSpecializedProject).
Creating makefile for DetectiveEditor (no existing makefile)
Target Platform -- Win64
@progress push 5%
Parsing headers for DetectiveEditor
  Running UnrealHeaderTool "G:\Projects\BachelorGruppenArbeit\AdvancedSpecializedProject\Detective\Detective.uproject" "G:\Projects\BachelorGruppenArbeit\AdvancedSpecializedProject\Detective\Intermediate\Build\Win64\DetectiveEditor\Development\DetectiveEditor.uhtmanifest" -LogCmds="loginit warning, logexit warning, logdatabase error" -Unattended -WarningsAsErrors -installed
Reflection code generated for DetectiveEditor in 5.9985435 seconds
@progress pop
Using Visual Studio 2017 14.16.27023 toolchain (C:\Program Files (x86)\Microsoft Visual Studio\2017\BuildTools\VC\Tools\MSVC\14.16.27023) and Windows 10.0.16299.0 SDK (C:\Program Files (x86)\Windows Kits\10).
Building 75 actions with 12 processes...
  @progress 'Compiling C++ source code...' 0%
  @progress 'Compiling C++ source code...' 1%
  [1/75] Default.rc2
  @progress 'Compiling C++ source code...' 3%
  [2/75] Default.rc2
  @progress 'Compiling C++ source code...' 4%
  [3/75] Default.rc2
  @progress 'Compiling C++ source code...' 5%
  [4/75] PCH.FMODStudio.cpp
  @progress 'Compiling C++ source code...' 7%
  [5/75] FMODAsset.cpp
  @progress 'Compiling C++ source code...' 8%
  [6/75] FMODBankUpdateNotifier.cpp
  @progress 'Compiling C++ source code...' 9%
  [7/75] FMODSettings.cpp
  @progress 'Compiling C++ source code...' 11%
  [8/75] FMODBus.cpp
  @progress 'Compiling C++ source code...' 12%
  [9/75] FMODEvent.cpp
  @progress 'Compiling C++ source code...' 13%
  [10/75] FMODEventControlTrack.cpp
  ERROR: Unable to rename G:\Projects\BachelorGruppenArbeit\AdvancedSpecializedProject\Detective\Plugins\FMODStudio\Intermediate\Build\Win64\UE4Editor\Development\FMODStudio\FMODEventControlTrack.cpp.txt.tmp to G:\Projects\BachelorGruppenArbeit\AdvancedSpecializedProject\Detective\Plugins\FMODStudio\Intermediate\Build\Win64\UE4Editor\Development\FMODStudio\FMODEventControlTrack.cpp.txt
  @progress 'Compiling C++ source code...' 15%
  [11/75] PCH.FMODStudioEditor.cpp
  @progress 'Compiling C++ source code...' 16%
  [12/75] FMODFileCallbacks.cpp
  @progress 'Compiling C++ source code...' 17%
  [13/75] FMODAssetTable.cpp
  @progress 'Compiling C++ source code...' 19%
  [14/75] FMODBank.cpp
  @progress 'Compiling C++ source code...' 20%
  [15/75] FMODSnapshot.cpp
  @progress 'Compiling C++ source code...' 21%
  [16/75] FMODSnapshot.gen.cpp
  @progress 'Compiling C++ source code...' 23%
  [17/75] FMODAnimNotifyPlay.gen.cpp
  @progress 'Compiling C++ source code...' 24%
  [18/75] FMODAsset.gen.cpp
  @progress 'Compiling C++ source code...' 25%
  [19/75] FMODEventParameterTrack.cpp
  @progress 'Compiling C++ source code...' 27%
  [20/75] FMODBank.gen.cpp
  @progress 'Compiling C++ source code...' 28%
  [21/75] FMODBus.gen.cpp
  @progress 'Compiling C++ source code...' 29%
  [22/75] FMODEventControlSection.cpp
  @progress 'Compiling C++ source code...' 31%
  [23/75] FMODEvent.gen.cpp
  @progress 'Compiling C++ source code...' 32%
  [24/75] FMODSnapshotReverb.cpp
  @progress 'Compiling C++ source code...' 33%
  [25/75] FMODEventControlSection.gen.cpp
  @progress 'Compiling C++ source code...' 35%
  [26/75] FMODEventControlSectionTemplate.gen.cpp
  @progress 'Compiling C++ source code...' 36%
  [27/75] FMODAmbientSound.cpp
  @progress 'Compiling C++ source code...' 37%
  [28/75] FMODSettings.gen.cpp
  @progress 'Compiling C++ source code...' 39%
  [29/75] FMODSnapshotReverb.gen.cpp
  @progress 'Compiling C++ source code...' 40%
  [30/75] FMODBlueprintStatics.cpp
  @progress 'Compiling C++ source code...' 41%
  [31/75] FMODStudio.init.gen.cpp
  @progress 'Compiling C++ source code...' 43%
  [32/75] FMODEventParameterTrack.gen.cpp
  @progress 'Compiling C++ source code...' 44%
  [33/75] FMODVCA.gen.cpp
  @progress 'Compiling C++ source code...' 45%
  [34/75] FMODListener.cpp
  @progress 'Compiling C++ source code...' 47%
  [35/75] FMODEventParameterSectionTemplate.cpp
  @progress 'Compiling C++ source code...' 48%
  [36/75] FMODVCA.cpp
  @progress 'Compiling C++ source code...' 49%
  [37/75] FMODAudioComponent.cpp
  @progress 'Compiling C++ source code...' 51%
  [38/75] FMODAnimNotifyPlay.cpp
  @progress 'Compiling C++ source code...' 52%
  [39/75] FMODStudioModule.cpp
  @progress 'Compiling C++ source code...' 53%
  [40/75] FMODEventControlTrack.gen.cpp
  @progress 'Compiling C++ source code...' 55%
  [41/75] FMODEventParameterSectionTemplate.gen.cpp
  @progress 'Compiling C++ source code...' 56%
  [42/75] FMODBlueprintStatics.gen.cpp
  @progress 'Compiling C++ source code...' 57%
  [43/75] FMODParameterSection.cpp
  @progress 'Compiling C++ source code...' 59%
  [44/75] FMODAudioComponent.gen.cpp
  @progress 'Compiling C++ source code...' 60%
  [45/75] FMODAmbientSoundActorFactory.gen.cpp
  @progress 'Compiling C++ source code...' 61%
  [46/75] FMODStudioStyle.cpp
  @progress 'Compiling C++ source code...' 63%
  [47/75] FMODStudioEditor.init.gen.cpp
  @progress 'Compiling C++ source code...' 64%
  [48/75] FMODChannelEditors.gen.cpp
  @progress 'Compiling C++ source code...' 65%
  [49/75] FMODSettingsCustomization.cpp
  @progress 'Compiling C++ source code...' 67%
  [50/75] FMODAmbientSound.gen.cpp
  @progress 'Compiling C++ source code...' 68%
  [51/75] FMODAudioComponentVisualizer.cpp
  @progress 'Compiling C++ source code...' 69%
  [52/75] SharedPCH.Engine.cpp
  @progress 'Compiling C++ source code...' 71%
  [53/75] InteractBase.gen.cpp
  @progress 'Compiling C++ source code...' 72%
  [54/75] PlayerPawn.gen.cpp
  @progress 'Compiling C++ source code...' 73%
  [55/75] InteractBase.cpp
  @progress 'Compiling C++ source code...' 75%
  [56/75] PlayerPawn.cpp
  @progress 'Compiling C++ source code...' 76%
  [57/75] FMODEventControlTrackEditor.cpp
  @progress 'Compiling C++ source code...' 77%
  [58/75] Detective.cpp
  @progress 'Compiling C++ source code...' 79%
  [59/75] FMODAmbientSoundActorFactory.cpp
  @progress 'Compiling C++ source code...' 80%
  [60/75] Detective.init.gen.cpp
  @progress 'Compiling C++ source code...' 81%
  [61/75] FMODEventParameterTrackEditor.cpp
  @progress 'Compiling C++ source code...' 83%
  [62/75] UE4Editor-Detective.lib
     Creating library G:\Projects\BachelorGruppenArbeit\AdvancedSpecializedProject\Detective\Intermediate\Build\Win64\UE4Editor\Development\Detective\UE4Editor-Detective.lib and object G:\Projects\BachelorGruppenArbeit\AdvancedSpecializedProject\Detective\Intermediate\Build\Win64\UE4Editor\Development\Detective\UE4Editor-Detective.exp
  @progress 'Compiling C++ source code...' 84%
  [63/75] UE4Editor-Detective.dll
     Creating library G:\Projects\BachelorGruppenArbeit\AdvancedSpecializedProject\Detective\Intermediate\Build\Win64\UE4Editor\Development\Detective\UE4Editor-Detective.suppressed.lib and object G:\Projects\BachelorGruppenArbeit\AdvancedSpecializedProject\Detective\Intermediate\Build\Win64\UE4Editor\Development\Detective\UE4Editor-Detective.suppressed.exp
  @progress 'Compiling C++ source code...' 85%
  [64/75] AssetTypeActions_FMODEvent.cpp
  @progress 'Compiling C++ source code...' 87%
  [65/75] FMODAudioComponentDetails.cpp
  @progress 'Compiling C++ source code...' 88%
  [66/75] FMODChannelEditors.cpp
  @progress 'Compiling C++ source code...' 89%
  [67/75] FMODEventControlSectionTemplate.cpp
  @progress 'Compiling C++ source code...' 91%
  [68/75] SFMODEventEditorPanel.cpp
  @progress 'Compiling C++ source code...' 92%
  [69/75] FMODStudioEditorModule.cpp
  @progress 'Compiling C++ source code...' 93%
  [70/75] FMODEventEditor.cpp
  @progress 'Compiling C++ source code...' 95%
  [71/75] UE4Editor-FMODStudioEditor.lib
     Creating library G:\Projects\BachelorGruppenArbeit\AdvancedSpecializedProject\Detective\Plugins\FMODStudio\Intermediate\Build\Win64\UE4Editor\Development\FMODStudioEditor\UE4Editor-FMODStudioEditor.lib and object G:\Projects\BachelorGruppenArbeit\AdvancedSpecializedProject\Detective\Plugins\FMODStudio\Intermediate\Build\Win64\UE4Editor\Development\FMODStudioEditor\UE4Editor-FMODStudioEditor.exp
LogInit: Warning: Still incompatible or missing module: Detective
LogExit: Preparing to exit.
LogModuleManager: Shutting down and abandoning module DesktopPlatform (44)
LogModuleManager: Shutting down and abandoning module PlatformCryptoOpenSSL (42)
LogModuleManager: Shutting down and abandoning module PlatformCrypto (40)
LogModuleManager: Shutting down and abandoning module AnimationModifiers (38)
LogModuleManager: Shutting down and abandoning module PropertyEditor (37)
LogModuleManager: Shutting down and abandoning module AudioEditor (34)
LogModuleManager: Shutting down and abandoning module TextureCompressor (32)
LogModuleManager: Shutting down and abandoning module RenderCore (30)
LogModuleManager: Shutting down and abandoning module Landscape (28)
LogModuleManager: Shutting down and abandoning module SlateRHIRenderer (26)
LogModuleManager: Shutting down and abandoning module OpenGLDrv (24)
LogModuleManager: Shutting down and abandoning module D3D11RHI (22)
LogModuleManager: Shutting down and abandoning module AnimGraphRuntime (20)
LogModuleManager: Shutting down and abandoning module Renderer (18)
LogModuleManager: Shutting down and abandoning module Engine (16)
LogModuleManager: Shutting down and abandoning module CoreUObject (14)
LogModuleManager: Shutting down and abandoning module NetworkFile (12)
LogModuleManager: Shutting down and abandoning module CookedIterativeFile (10)
LogModuleManager: Shutting down and abandoning module StreamingFile (8)
LogModuleManager: Shutting down and abandoning module SandboxFile (6)
LogModuleManager: Shutting down and abandoning module PakFile (4)
LogModuleManager: Shutting down and abandoning module RSA (3)
LogExit: Exiting.
Log file closed, 04/29/20 20:11:39
